2026-06-10 12:34:22,450 [Klasyfikacja] Dopasowano pracownika 'Jan Kowalski' przez słowo 'kowalskiego' w opinii (metoda: rdzeń 'kowal')
2026-06-10 12:34:22,451 [Klasyfikacja] Dopasowano pracownika 'Maciej Rostek' przez słowo 'rostka' w opinii (metoda: fuzzy 'rostek' -> 'rostka')
2026-06-10 12:34:22,452 [Klasyfikacja] Dopasowano pracownika 'Mariusz Cudny' przez słowo 'mariuszem' w opinii (metoda: rdzeń 'mariusz')
2026-06-10 12:34:22,452 [Klasyfikacja] Dopasowano pracownika 'Jan Cielemęcki' przez słowo 'cielemeckim' w opinii (metoda: rdzeń 'cielem')
2026-06-10 12:34:22,453 [Klasyfikacja] Dopasowano pracownika 'Jan Kowalski' przez słowo 'kowalski' w opinii (metoda: rdzeń 'kowal')
2026-06-10 12:34:22,453 [Klasyfikacja] Dopasowano pracownika 'Mariusz Cudny' przez słowo 'mariusza' w opinii (metoda: rdzeń 'mariusz')
2026-06-10 12:34:22,454 [Klasyfikacja] Dopasowano pracownika 'Jan Kowalski' przez słowo 'kowalskiego' w opinii (metoda: rdzeń 'kowal')
2026-06-10 12:34:22,455 [Klasyfikacja] Dopasowano pracownika 'Mariusz Cudny' przez słowo 'mariuszem' w opinii (metoda: rdzeń 'mariusz')
2026-06-10 12:34:48,272 [Klasyfikacja] Dopasowano pracownika 'Karol Lipiecki' przez słowo 'karol' w opinii (metoda: rdzeń 'karol')
2026-06-10 12:34:48,273 [Klasyfikacja] Dopasowano pracownika 'Emil Marczuk' przez słowo 'mila' w opinii (metoda: fuzzy 'emil' -> 'mila')
2026-06-10 12:34:48,274 [Klasyfikacja] Dopasowano pracownika 'Emil Marczuk' przez słowo 'mila' w opinii (metoda: fuzzy 'emil' -> 'mila')
2026-06-10 12:34:48,275 [Klasyfikacja] Dopasowano pracownika 'Jan Cielemęcki' przez słowo 'ja' w opinii (metoda: fuzzy 'jan' -> 'ja')
2026-06-10 12:34:48,277 [Klasyfikacja] Dopasowano pracownika 'Jan Cielemęcki' przez słowo 'jasno' w opinii (metoda: fuzzy 'jan' -> 'jasno')
2026-06-10 12:34:48,278 [Klasyfikacja] Dopasowano pracownika 'Jan Cielemęcki' przez słowo 'jana' w opinii (metoda: rdzeń 'jan')
2026-06-10 12:34:48,278 [Klasyfikacja] Dopasowano pracownika 'Jan Cielemęcki' przez słowo 'jasno' w opinii (metoda: fuzzy 'jan' -> 'jasno')
2026-06-10 12:34:48,279 [Klasyfikacja] Dopasowano pracownika 'Karol Lipiecki' przez słowo 'karol' w opinii (metoda: rdzeń 'karol')
2026-06-10 12:34:48,280 [Klasyfikacja] Dopasowano pracownika 'Karol Lipiecki' przez słowo 'karolem' w opinii (metoda: rdzeń 'karol')
2026-06-10 12:34:48,281 [Klasyfikacja] Dopasowano pracownika 'Karol Lipiecki' przez słowo 'lipiecki' w opinii (metoda: rdzeń 'lip')
2026-06-10 12:34:48,281 [Klasyfikacja] Dopasowano pracownika 'Karol Lipiecki' przez słowo 'lipieckiego' w opinii (metoda: rdzeń 'lip')
2026-06-10 12:34:48,282 [Klasyfikacja] Dopasowano pracownika 'Maciej Rostek' przez słowo 'aucie' w opinii (metoda: fuzzy 'maciej' -> 'aucie')
2026-06-10 12:34:48,283 [Klasyfikacja] Dopasowano pracownika 'Emil Marczuk' przez słowo 'emilem' w opinii (metoda: rdzeń 'emil')
2026-06-10 12:34:48,283 [Klasyfikacja] Dopasowano pracownika 'Emil Marczuk' przez słowo 'emilem' w opinii (metoda: rdzeń 'emil')
2026-06-10 12:34:48,284 [Klasyfikacja] Dopasowano pracownika 'Emil Marczuk' przez słowo 'marczukiem' w opinii (metoda: rdzeń 'marczuk')
2026-06-10 12:34:48,285 [Klasyfikacja] Dopasowano pracownika 'Emil Marczuk' przez słowo 'emila' w opinii (metoda: rdzeń 'emil')
2026-06-10 12:34:48,285 [Klasyfikacja] Dopasowano pracownika 'Maciej Rostek' przez słowo 'macieja' w opinii (metoda: rdzeń 'maciej')
2026-06-10 12:34:48,286 [Klasyfikacja] Dopasowano pracownika 'Maciej Rostek' przez słowo 'maciejem' w opinii (metoda: rdzeń 'maciej')
2026-06-10 12:34:48,287 [Klasyfikacja] Dopasowano pracownika 'Maciej Rostek' przez słowo 'rostkiem' w opinii (metoda: fuzzy 'rostek' -> 'rostkiem')
2026-06-10 12:34:48,287 [Klasyfikacja] Dopasowano pracownika 'Maciej Rostek' przez słowo 'macieja' w opinii (metoda: rdzeń 'maciej')
2026-06-10 12:34:48,288 [Klasyfikacja] Dopasowano pracownika 'Maciej Rostek' przez słowo 'macieja' w opinii (metoda: rdzeń 'maciej')
2026-06-10 12:34:48,289 [Klasyfikacja] Dopasowano pracownika 'Karol Lipiecki' przez słowo 'karoq' w opinii (metoda: fuzzy 'karol' -> 'karoq')
2026-06-10 12:34:48,289 [Klasyfikacja] Dopasowano pracownika 'Jan Cielemęcki' przez słowo 'janem' w opinii (metoda: rdzeń 'jan')
2026-06-10 12:34:48,289 [Klasyfikacja] Dopasowano pracownika 'Jan Cielemęcki' przez słowo 'janem' w opinii (metoda: rdzeń 'jan')
2026-06-10 12:34:48,290 [Klasyfikacja] Dopasowano pracownika 'Jan Cielemęcki' przez słowo 'cielemeckiego' w opinii (metoda: rdzeń 'cielem')
2026-06-10 12:34:48,290 [Klasyfikacja] Dopasowano pracownika 'Jan Cielemęcki' przez słowo 'jan' w opinii (metoda: rdzeń 'jan')
2026-06-10 12:34:48,291 [Klasyfikacja] Dopasowano pracownika 'Jan Cielemęcki' przez słowo 'jana' w opinii (metoda: rdzeń 'jan')
2026-06-10 12:34:48,291 [Klasyfikacja] Dopasowano pracownika 'Emil Marczuk' przez słowo 'emil' w opinii (metoda: rdzeń 'emil')
2026-06-10 12:34:48,292 [Klasyfikacja] Dopasowano pracownika 'Karol Lipiecki' przez słowo 'karol' w opinii (metoda: rdzeń 'karol')
2026-06-10 12:34:48,292 [Klasyfikacja] Dopasowano pracownika 'Karol Lipiecki' przez słowo 'lipiecki' w opinii (metoda: rdzeń 'lip')
2026-06-10 12:34:48,293 [Klasyfikacja] Dopasowano pracownika 'Emil Marczuk' przez słowo 'emila' w opinii (metoda: rdzeń 'emil')
2026-06-10 12:34:48,294 [Klasyfikacja] Dopasowano pracownika 'Emil Marczuk' przez słowo 'marczukiem' w opinii (metoda: rdzeń 'marczuk')
2026-06-10 12:34:48,294 [Klasyfikacja] Dopasowano pracownika 'Maciej Rostek' przez słowo 'maciej' w opinii (metoda: rdzeń 'maciej')
2026-06-10 12:34:48,295 [Klasyfikacja] Dopasowano pracownika 'Jan Cielemęcki' przez słowo 'cielemecki' w opinii (metoda: rdzeń 'cielem')
2026-06-10 12:34:48,295 [Klasyfikacja] Dopasowano pracownika 'Maciej Rostek' przez słowo 'macieja' w opinii (metoda: rdzeń 'maciej')
2026-06-10 12:34:48,296 [Klasyfikacja] Dopasowano pracownika 'Jan Cielemęcki' przez słowo 'janem' w opinii (metoda: rdzeń 'jan')
2026-06-10 12:34:48,296 [Klasyfikacja] Dopasowano pracownika 'Karol Lipiecki' przez słowo 'karolem' w opinii (metoda: rdzeń 'karol')
2026-06-10 12:34:48,297 [Klasyfikacja] Dopasowano pracownika 'Emil Marczuk' przez słowo 'emila' w opinii (metoda: rdzeń 'emil')
2026-06-10 12:34:48,297 [Klasyfikacja] Dopasowano pracownika 'Maciej Rostek' przez słowo 'macieja' w opinii (metoda: rdzeń 'maciej')
2026-06-10 12:34:48,298 [Klasyfikacja] Dopasowano pracownika 'Jan Cielemęcki' przez słowo 'janowi' w opinii (metoda: rdzeń 'jan')
2026-06-10 12:34:48,298 [Klasyfikacja] Dopasowano pracownika 'Karol Lipiecki' przez słowo 'karol' w opinii (metoda: rdzeń 'karol')
2026-06-10 12:34:48,299 [Klasyfikacja] Dopasowano pracownika 'Emil Marczuk' przez słowo 'marczuk' w opinii (metoda: rdzeń 'marczuk')
2026-06-10 12:34:48,300 [Klasyfikacja] Dopasowano pracownika 'Maciej Rostek' przez słowo 'macieja' w opinii (metoda: rdzeń 'maciej')
2026-06-10 12:34:48,300 [Klasyfikacja] Dopasowano pracownika 'Jan Cielemęcki' przez słowo 'jana' w opinii (metoda: rdzeń 'jan')
2026-06-10 12:34:48,301 [Klasyfikacja] Dopasowano pracownika 'Karol Lipiecki' przez słowo 'karol' w opinii (metoda: rdzeń 'karol')
2026-06-10 12:34:48,302 [Klasyfikacja] Dopasowano pracownika 'Emil Marczuk' przez słowo 'emila' w opinii (metoda: rdzeń 'emil')
2026-06-10 12:34:48,302 [Klasyfikacja] Dopasowano pracownika 'Maciej Rostek' przez słowo 'maciej' w opinii (metoda: rdzeń 'maciej')
